<?xml version="1.0" encoding="UTF-8"?>
<testng-results ignored="0" total="1" passed="1" failed="0" skipped="0">
  <reporter-output>
  </reporter-output>
  <suite started-at="2025-10-24T07:17:06 IST" name="Default suite" finished-at="2025-10-24T07:17:06 IST" duration-ms="80">
    <groups>
    </groups>
    <test started-at="2025-10-24T07:17:06 IST" name="Default test" finished-at="2025-10-24T07:17:06 IST" duration-ms="80">
      <class name="AnnotationsEx">
        <test-method is-config="true" signature="before()[pri:0, instance:AnnotationsEx@35aea049]" started-at="2025-10-24T07:17:06 IST" name="before" finished-at="2025-10-24T07:17:06 IST" duration-ms="10" status="PASS">
          <reporter-output>
          </reporter-output>
        </test-method> <!-- before -->
        <test-method is-config="true" signature="beforeclass()[pri:0, instance:AnnotationsEx@35aea049]" started-at="2025-10-24T07:17:06 IST" name="beforeclass" finished-at="2025-10-24T07:17:06 IST" duration-ms="1" status="PASS">
          <reporter-output>
          </reporter-output>
        </test-method> <!-- beforeclass -->
        <test-method is-config="true" signature="beforeMethod()[pri:0, instance:AnnotationsEx@35aea049]" started-at="2025-10-24T07:17:06 IST" name="beforeMethod" finished-at="2025-10-24T07:17:06 IST" duration-ms="0" status="PASS">
          <reporter-output>
          </reporter-output>
        </test-method> <!-- beforeMethod -->
        <test-method is-config="true" signature="method2()[pri:0, instance:AnnotationsEx@35aea049]" started-at="2025-10-24T07:17:06 IST" name="method2" finished-at="2025-10-24T07:17:06 IST" duration-ms="1" status="PASS">
          <reporter-output>
          </reporter-output>
        </test-method> <!-- method2 -->
        <test-method signature="method1()[pri:0, instance:AnnotationsEx@35aea049]" started-at="2025-10-24T07:17:06 IST" name="method1" finished-at="2025-10-24T07:17:06 IST" duration-ms="7" status="PASS">
          <reporter-output>
          </reporter-output>
        </test-method> <!-- method1 -->
        <test-method is-config="true" signature="afterMethod()[pri:0, instance:AnnotationsEx@35aea049]" started-at="2025-10-24T07:17:06 IST" name="afterMethod" finished-at="2025-10-24T07:17:06 IST" duration-ms="1" status="PASS">
          <reporter-output>
          </reporter-output>
        </test-method> <!-- afterMethod -->
        <test-method is-config="true" signature="afterclass()[pri:0, instance:AnnotationsEx@35aea049]" started-at="2025-10-24T07:17:06 IST" name="afterclass" finished-at="2025-10-24T07:17:06 IST" duration-ms="1" status="PASS">
          <reporter-output>
          </reporter-output>
        </test-method> <!-- afterclass -->
        <test-method is-config="true" signature="after()[pri:0, instance:AnnotationsEx@35aea049]" started-at="2025-10-24T07:17:06 IST" name="after" finished-at="2025-10-24T07:17:06 IST" duration-ms="0" status="PASS">
          <reporter-output>
          </reporter-output>
        </test-method> <!-- after -->
      </class> <!-- AnnotationsEx -->
    </test> <!-- Default test -->
  </suite> <!-- Default suite -->
</testng-results>
