<?xml version="1.0" encoding="UTF-8"?>
<testng-results ignored="0" total="2" passed="2" failed="0" skipped="0">
  <reporter-output>
  </reporter-output>
  <suite started-at="2025-10-28T07:04:19 IST" name="Default suite" finished-at="2025-10-28T07:04:43 IST" duration-ms="23582">
    <groups>
    </groups>
    <test started-at="2025-10-28T07:04:19 IST" name="Default test" finished-at="2025-10-28T07:04:43 IST" duration-ms="23582">
      <class name="LoginTest">
        <test-method signature="invalidlogin()[pri:0, instance:LoginTest@7fee8714]" started-at="2025-10-28T07:04:20 IST" name="invalidlogin" finished-at="2025-10-28T07:04:35 IST" duration-ms="15391" status="PASS">
          <reporter-output>
          </reporter-output>
        </test-method> <!-- invalidlogin -->
        <test-method signature="validlogin()[pri:0, instance:LoginTest@7fee8714]" started-at="2025-10-28T07:04:35 IST" name="validlogin" finished-at="2025-10-28T07:04:43 IST" duration-ms="8088" status="PASS">
          <reporter-output>
          </reporter-output>
        </test-method> <!-- validlogin -->
      </class> <!-- LoginTest -->
    </test> <!-- Default test -->
  </suite> <!-- Default suite -->
</testng-results>
