<?xml version="1.0" encoding="UTF-8"?>
<!-- Generated by org.testng.reporters.JUnitXMLReporter -->
<testsuite ignored="0" hostname="DESKTOP-7EUDCAL" failures="0" tests="3" name="SauceTest" time="28.924" errors="0" timestamp="2025-10-25T07:30:53 IST">
  <testcase classname="SauceTests.LoginTest" name="login" time="11.146"/>
  <testcase classname="SauceTests.AddToCart" name="cart" time="7.833"/>
  <testcase classname="SauceTests.LogOutTest" name="logout" time="9.878"/>
</testsuite> <!-- SauceTest -->
