<?xml version="1.0" encoding="UTF-8"?>
<!-- Generated by org.testng.reporters.JUnitXMLReporter -->
<testsuite ignored="0" hostname="DESKTOP-7EUDCAL" failures="0" tests="4" name="Default test" time="0.089" errors="0" timestamp="2025-10-25T07:33:54 IST">
  <testcase classname="DataProviderEx" name="method" time="0.008"/>
  <testcase classname="DataProviderEx" name="method" time="0.001"/>
  <testcase classname="DataProviderEx" name="method" time="0.001"/>
  <testcase classname="DataProviderEx" name="method" time="0.001"/>
</testsuite> <!-- Default test -->
