<?xml version="1.0" encoding="UTF-8"?>
<testng-results ignored="0" total="5" passed="5" failed="0" skipped="0">
  <reporter-output>
  </reporter-output>
  <suite started-at="2025-10-31T07:20:26 IST" name="SauceSuite" finished-at="2025-10-31T07:21:16 IST" duration-ms="50094">
    <groups>
    </groups>
    <test started-at="2025-10-31T07:20:26 IST" name="SauceTest" finished-at="2025-10-31T07:21:16 IST" duration-ms="50094">
      <class name="testCases.LoginTest">
        <test-method is-config="true" signature="init()[pri:0, instance:testCases.LoginTest@4fb3ee4e]" started-at="2025-10-31T07:20:26 IST" name="init" finished-at="2025-10-31T07:20:33 IST" duration-ms="6971" status="PASS">
          <reporter-output>
          </reporter-output>
        </test-method> <!-- init -->
        <test-method signature="validLogin()[pri:1, instance:testCases.LoginTest@4fb3ee4e]" started-at="2025-10-31T07:20:33 IST" name="validLogin" finished-at="2025-10-31T07:20:34 IST" duration-ms="1012" status="PASS">
          <reporter-output>
          </reporter-output>
        </test-method> <!-- validLogin -->
        <test-method is-config="true" signature="teardown()[pri:0, instance:testCases.LoginTest@4fb3ee4e]" started-at="2025-10-31T07:20:34 IST" name="teardown" finished-at="2025-10-31T07:20:35 IST" duration-ms="1382" status="PASS">
          <reporter-output>
          </reporter-output>
        </test-method> <!-- teardown -->
        <test-method is-config="true" signature="init()[pri:0, instance:testCases.LoginTest@4fb3ee4e]" started-at="2025-10-31T07:20:35 IST" name="init" finished-at="2025-10-31T07:20:41 IST" duration-ms="6020" status="PASS">
          <reporter-output>
          </reporter-output>
        </test-method> <!-- init -->
        <test-method signature="inValidLogin()[pri:2, instance:testCases.LoginTest@4fb3ee4e]" started-at="2025-10-31T07:20:41 IST" name="inValidLogin" finished-at="2025-10-31T07:20:42 IST" duration-ms="687" status="PASS">
          <reporter-output>
          </reporter-output>
        </test-method> <!-- inValidLogin -->
        <test-method is-config="true" signature="teardown()[pri:0, instance:testCases.LoginTest@4fb3ee4e]" started-at="2025-10-31T07:20:42 IST" name="teardown" finished-at="2025-10-31T07:20:43 IST" duration-ms="1232" status="PASS">
          <reporter-output>
          </reporter-output>
        </test-method> <!-- teardown -->
      </class> <!-- testCases.LoginTest -->
      <class name="testCases.HomeTest">
        <test-method is-config="true" signature="init()[pri:0, instance:testCases.HomeTest@6253c26]" started-at="2025-10-31T07:20:43 IST" name="init" finished-at="2025-10-31T07:20:49 IST" duration-ms="6144" status="PASS">
          <reporter-output>
          </reporter-output>
        </test-method> <!-- init -->
        <test-method signature="addtoCart()[pri:1, instance:testCases.HomeTest@6253c26]" started-at="2025-10-31T07:20:49 IST" name="addtoCart" finished-at="2025-10-31T07:20:50 IST" duration-ms="937" status="PASS">
          <reporter-output>
          </reporter-output>
        </test-method> <!-- addtoCart -->
        <test-method is-config="true" signature="teardown()[pri:0, instance:testCases.HomeTest@6253c26]" started-at="2025-10-31T07:20:50 IST" name="teardown" finished-at="2025-10-31T07:20:54 IST" duration-ms="3291" status="PASS">
          <reporter-output>
          </reporter-output>
        </test-method> <!-- teardown -->
        <test-method is-config="true" signature="init()[pri:0, instance:testCases.HomeTest@6253c26]" started-at="2025-10-31T07:20:54 IST" name="init" finished-at="2025-10-31T07:21:00 IST" duration-ms="6128" status="PASS">
          <reporter-output>
          </reporter-output>
        </test-method> <!-- init -->
        <test-method signature="removeFromCart()[pri:2, instance:testCases.HomeTest@6253c26]" started-at="2025-10-31T07:21:00 IST" name="removeFromCart" finished-at="2025-10-31T07:21:03 IST" duration-ms="2874" status="PASS">
          <reporter-output>
          </reporter-output>
        </test-method> <!-- removeFromCart -->
        <test-method is-config="true" signature="teardown()[pri:0, instance:testCases.HomeTest@6253c26]" started-at="2025-10-31T07:21:03 IST" name="teardown" finished-at="2025-10-31T07:21:06 IST" duration-ms="3211" status="PASS">
          <reporter-output>
          </reporter-output>
        </test-method> <!-- teardown -->
        <test-method is-config="true" signature="init()[pri:0, instance:testCases.HomeTest@6253c26]" started-at="2025-10-31T07:21:06 IST" name="init" finished-at="2025-10-31T07:21:12 IST" duration-ms="6032" status="PASS">
          <reporter-output>
          </reporter-output>
        </test-method> <!-- init -->
        <test-method signature="filterSelection()[pri:3, instance:testCases.HomeTest@6253c26]" started-at="2025-10-31T07:21:12 IST" name="filterSelection" finished-at="2025-10-31T07:21:13 IST" duration-ms="857" status="PASS">
          <reporter-output>
          </reporter-output>
        </test-method> <!-- filterSelection -->
        <test-method is-config="true" signature="teardown()[pri:0, instance:testCases.HomeTest@6253c26]" started-at="2025-10-31T07:21:13 IST" name="teardown" finished-at="2025-10-31T07:21:16 IST" duration-ms="3208" status="PASS">
          <reporter-output>
          </reporter-output>
        </test-method> <!-- teardown -->
      </class> <!-- testCases.HomeTest -->
    </test> <!-- SauceTest -->
  </suite> <!-- SauceSuite -->
</testng-results>
