<?xml version="1.0" encoding="UTF-8"?>
<testng-results ignored="0" total="2" passed="2" failed="0" skipped="0">
  <reporter-output>
  </reporter-output>
  <suite started-at="2025-10-30T07:24:08 IST" name="Default suite" finished-at="2025-10-30T07:24:15 IST" duration-ms="7525">
    <groups>
    </groups>
    <test started-at="2025-10-30T07:24:08 IST" name="Default test" finished-at="2025-10-30T07:24:15 IST" duration-ms="7525">
      <class name="testCases.LoginTest">
        <test-method is-config="true" signature="init()[pri:0, instance:testCases.LoginTest@618425b5]" started-at="2025-10-30T07:24:08 IST" name="init" finished-at="2025-10-30T07:24:11 IST" duration-ms="3306" status="PASS">
          <reporter-output>
          </reporter-output>
        </test-method> <!-- init -->
        <test-method signature="validLogin()[pri:1, instance:testCases.LoginTest@618425b5]" started-at="2025-10-30T07:24:11 IST" name="validLogin" finished-at="2025-10-30T07:24:12 IST" duration-ms="612" status="PASS">
          <reporter-output>
          </reporter-output>
        </test-method> <!-- validLogin -->
        <test-method is-config="true" signature="teardown()[pri:0, instance:testCases.LoginTest@618425b5]" started-at="2025-10-30T07:24:12 IST" name="teardown" finished-at="2025-10-30T07:24:12 IST" duration-ms="296" status="PASS">
          <reporter-output>
          </reporter-output>
        </test-method> <!-- teardown -->
        <test-method is-config="true" signature="init()[pri:0, instance:testCases.LoginTest@618425b5]" started-at="2025-10-30T07:24:12 IST" name="init" finished-at="2025-10-30T07:24:14 IST" duration-ms="2302" status="PASS">
          <reporter-output>
          </reporter-output>
        </test-method> <!-- init -->
        <test-method signature="inValidLogin()[pri:2, instance:testCases.LoginTest@618425b5]" started-at="2025-10-30T07:24:14 IST" name="inValidLogin" finished-at="2025-10-30T07:24:15 IST" duration-ms="697" status="PASS">
          <reporter-output>
          </reporter-output>
        </test-method> <!-- inValidLogin -->
        <test-method is-config="true" signature="teardown()[pri:0, instance:testCases.LoginTest@618425b5]" started-at="2025-10-30T07:24:15 IST" name="teardown" finished-at="2025-10-30T07:24:15 IST" duration-ms="230" status="PASS">
          <reporter-output>
          </reporter-output>
        </test-method> <!-- teardown -->
      </class> <!-- testCases.LoginTest -->
    </test> <!-- Default test -->
  </suite> <!-- Default suite -->
</testng-results>
