<?xml version="1.0" encoding="UTF-8"?>
<!-- Generated by org.testng.reporters.JUnitXMLReporter -->
<testsuite ignored="0" hostname="DESKTOP-7EUDCAL" failures="0" tests="4" name="Surefire test" time="31.885" errors="0" timestamp="2025-10-28T07:15:38 IST">
  <testcase classname="AddToCartTest" name="cart" time="8.323"/>
  <testcase classname="LoginTest" name="invalidlogin" time="6.898"/>
  <testcase classname="LoginTest" name="validlogin" time="7.196"/>
  <testcase classname="LogOutTest" name="logout" time="9.392"/>
</testsuite> <!-- Surefire test -->
