<?xml version="1.0" encoding="UTF-8"?>
<testng-results ignored="0" total="4" passed="4" failed="0" skipped="0">
  <reporter-output>
  </reporter-output>
  <suite started-at="2025-10-28T07:15:06 IST" name="Surefire suite" finished-at="2025-10-28T07:15:38 IST" duration-ms="31885">
    <groups>
    </groups>
    <test started-at="2025-10-28T07:15:06 IST" name="Surefire test" finished-at="2025-10-28T07:15:38 IST" duration-ms="31885">
      <class name="LogOutTest">
        <test-method signature="logout()[pri:0, instance:LogOutTest@1a0dcaa]" started-at="2025-10-28T07:15:29 IST" name="logout" finished-at="2025-10-28T07:15:38 IST" duration-ms="9392" status="PASS">
          <reporter-output>
          </reporter-output>
        </test-method> <!-- logout -->
      </class> <!-- LogOutTest -->
      <class name="LoginTest">
        <test-method signature="invalidlogin()[pri:0, instance:LoginTest@19d37183]" started-at="2025-10-28T07:15:15 IST" name="invalidlogin" finished-at="2025-10-28T07:15:21 IST" duration-ms="6898" status="PASS">
          <reporter-output>
          </reporter-output>
        </test-method> <!-- invalidlogin -->
        <test-method signature="validlogin()[pri:0, instance:LoginTest@19d37183]" started-at="2025-10-28T07:15:21 IST" name="validlogin" finished-at="2025-10-28T07:15:29 IST" duration-ms="7196" status="PASS">
          <reporter-output>
          </reporter-output>
        </test-method> <!-- validlogin -->
      </class> <!-- LoginTest -->
      <class name="AddToCartTest">
        <test-method signature="cart()[pri:0, instance:AddToCartTest@5db45159]" started-at="2025-10-28T07:15:06 IST" name="cart" finished-at="2025-10-28T07:15:15 IST" duration-ms="8323" status="PASS">
          <reporter-output>
          </reporter-output>
        </test-method> <!-- cart -->
      </class> <!-- AddToCartTest -->
    </test> <!-- Surefire test -->
  </suite> <!-- Surefire suite -->
</testng-results>
