<?xml version="1.0" encoding="UTF-8"?>
<!-- Generated by org.testng.reporters.JUnitXMLReporter -->
<testsuite ignored="0" hostname="DESKTOP-7EUDCAL" failures="0" tests="5" name="SauceTest" time="50.094" errors="0" timestamp="2025-10-31T07:21:16 IST">
  <testcase classname="testCases.LoginTest" name="validLogin" time="1.012"/>
  <testcase classname="testCases.LoginTest" name="inValidLogin" time="0.687"/>
  <testcase classname="testCases.HomeTest" name="addtoCart" time="0.937"/>
  <testcase classname="testCases.HomeTest" name="removeFromCart" time="2.874"/>
  <testcase classname="testCases.HomeTest" name="filterSelection" time="0.857"/>
</testsuite> <!-- SauceTest -->
