<?xml version="1.0" encoding="UTF-8"?>
<testng-results ignored="0" total="4" passed="4" failed="0" skipped="0">
  <reporter-output>
  </reporter-output>
  <suite started-at="2025-10-25T07:33:53 IST" name="Default suite" finished-at="2025-10-25T07:33:54 IST" duration-ms="89">
    <groups>
    </groups>
    <test started-at="2025-10-25T07:33:53 IST" name="Default test" finished-at="2025-10-25T07:33:54 IST" duration-ms="89">
      <class name="DataProviderEx">
        <test-method signature="method(java.lang.String,java.lang.String)[pri:0, instance:DataProviderEx@101952da]" started-at="2025-10-25T07:33:54 IST" name="method" data-provider="data" finished-at="2025-10-25T07:33:54 IST" duration-ms="8" status="PASS">
          <params>
            <param index="0">
              <value>
                <![CDATA[standard_user]]>
              </value>
            </param>
            <param index="1">
              <value>
                <![CDATA[secret_sauce]]>
              </value>
            </param>
          </params>
          <reporter-output>
          </reporter-output>
        </test-method> <!-- method -->
        <test-method signature="method(java.lang.String,java.lang.String)[pri:0, instance:DataProviderEx@101952da]" started-at="2025-10-25T07:33:54 IST" name="method" data-provider="data" finished-at="2025-10-25T07:33:54 IST" duration-ms="1" status="PASS">
          <params>
            <param index="0">
              <value>
                <![CDATA[locked_out_user]]>
              </value>
            </param>
            <param index="1">
              <value>
                <![CDATA[secret_sauce]]>
              </value>
            </param>
          </params>
          <reporter-output>
          </reporter-output>
        </test-method> <!-- method -->
        <test-method signature="method(java.lang.String,java.lang.String)[pri:0, instance:DataProviderEx@101952da]" started-at="2025-10-25T07:33:54 IST" name="method" data-provider="data" finished-at="2025-10-25T07:33:54 IST" duration-ms="1" status="PASS">
          <params>
            <param index="0">
              <value>
                <![CDATA[problem_user]]>
              </value>
            </param>
            <param index="1">
              <value>
                <![CDATA[secret_sauce]]>
              </value>
            </param>
          </params>
          <reporter-output>
          </reporter-output>
        </test-method> <!-- method -->
        <test-method signature="method(java.lang.String,java.lang.String)[pri:0, instance:DataProviderEx@101952da]" started-at="2025-10-25T07:33:54 IST" name="method" data-provider="data" finished-at="2025-10-25T07:33:54 IST" duration-ms="1" status="PASS">
          <params>
            <param index="0">
              <value>
                <![CDATA[performance_glitch_user]]>
              </value>
            </param>
            <param index="1">
              <value>
                <![CDATA[secret_sauce]]>
              </value>
            </param>
          </params>
          <reporter-output>
          </reporter-output>
        </test-method> <!-- method -->
      </class> <!-- DataProviderEx -->
    </test> <!-- Default test -->
  </suite> <!-- Default suite -->
</testng-results>
